<?xml version="1.0" encoding="UTF-8"?>
<coverage generated="1604350644881" clover="3.2.0">
  <project timestamp="1604350644881" name="All files">
    <metrics statements="18" coveredstatements="11" conditionals="7" coveredconditionals="6" methods="9" coveredmethods="2" elements="34" coveredelements="19" complexity="0" loc="18" ncloc="18" packages="2" files="2" classes="2"/>
    <package name="src">
      <metrics statements="1" coveredstatements="1" conditionals="7" coveredconditionals="6" methods="0" coveredmethods="0"/>
      <file name="config.ts" path="/home/lost/showcase/beacon/src/config.ts">
        <metrics statements="1" coveredstatements="1" conditionals="7" coveredconditionals="6" methods="0" coveredmethods="0"/>
        <line num="4" count="1" type="stmt"/>
      </file>
    </package>
    <package name="src.storage">
      <metrics statements="17" coveredstatements="10" conditionals="0" coveredconditionals="0" methods="9" coveredmethods="2"/>
      <file name="redis.ts" path="/home/lost/showcase/beacon/src/storage/redis.ts">
        <metrics statements="17" coveredstatements="10" conditionals="0" coveredconditionals="0" methods="9" coveredmethods="2"/>
        <line num="2" count="1" type="stmt"/>
        <line num="3" count="1" type="stmt"/>
        <line num="4" count="1" type="stmt"/>
        <line num="6" count="1" type="stmt"/>
        <line num="7" count="1" type="stmt"/>
        <line num="8" count="1" type="stmt"/>
        <line num="9" count="1" type="stmt"/>
        <line num="11" count="1" type="stmt"/>
        <line num="13" count="1" type="stmt"/>
        <line num="14" count="1" type="stmt"/>
        <line num="15" count="0" type="stmt"/>
        <line num="18" count="0" type="stmt"/>
        <line num="19" count="0" type="stmt"/>
        <line num="20" count="0" type="stmt"/>
        <line num="23" count="0" type="stmt"/>
        <line num="24" count="0" type="stmt"/>
        <line num="25" count="0" type="stmt"/>
      </file>
    </package>
  </project>
</coverage>
