{"/home/lost/showcase/beacon/src/request/AddGame.ts": {"path":"/home/lost/showcase/beacon/src/request/AddGame.ts","statementMap":{"0":{"start":{"line":1,"column":0},"end":{"line":1,"column":13}},"1":{"start":{"line":3,"column":0},"end":{"line":3,"column":null}},"2":{"start":{"line":1,"column":13},"end":{"line":1,"column":20}}},"fnMap":{"0":{"name":"(anonymous_0)","decl":{"start":{"line":1,"column":0},"end":{"line":1,"column":13}},"loc":{"start":{"line":1,"column":0},"end":{"line":3,"column":null}}}},"branchMap":{},"s":{"0":1,"1":1,"2":1},"f":{"0":2},"b":{}}
}
