TN:
SF:src/config.ts
FNF:0
FNH:0
DA:7,1
LF:1
LH:1
BRDA:8,0,0,1
BRDA:8,0,1,1
BRF:2
BRH:2
end_of_record
TN:
SF:src/server.ts
FN:35,(anonymous_14)
FN:38,(anonymous_17)
FNF:2
FNH:2
FNDA:2,(anonymous_14)
FNDA:1,(anonymous_17)
DA:1,1
DA:2,1
DA:3,1
DA:4,1
DA:5,1
DA:7,1
DA:9,1
DA:11,1
DA:12,1
DA:13,1
DA:18,1
DA:32,1
DA:34,1
DA:35,1
DA:36,1
DA:39,1
DA:42,1
LF:17
LH:17
BRF:0
BRH:0
end_of_record
TN:
SF:src/routes/healtcheck.ts
FN:5,(anonymous_13)
FN:5,(anonymous_14)
FNF:2
FNH:2
FNDA:1,(anonymous_13)
FNDA:1,(anonymous_14)
DA:1,1
DA:3,1
DA:5,1
DA:6,1
DA:7,1
DA:12,0
DA:16,1
LF:7
LH:6
BRF:0
BRH:0
end_of_record
